<?xml version="1.0" encoding="UTF-8"?>
<testsuite xmlns:xsi="http://www.w3.org/2001/XMLSchema-instance" xsi:noNamespaceSchemaLocation="https://maven.apache.org/surefire/maven-surefire-plugin/xsd/surefire-test-report.xsd" name="bmt.AppTest" time="0.172" tests="7" errors="0" skipped="0" failures="0">
  <properties>
[...]
</properties>
  <testcase name="test_fact_raises_exception_for_null_power" classname="bmt.AppTest" time="0.011"/>
  <testcase name="test_fact_raises_exception_for_null_number" classname="bmt.AppTest" time="0"/>
  <testcase name="power_0_and_numper_0_returns_0" classname="bmt.AppTest" time="0"/>
  <testcase name="power_1_and_numper_2_returns_1" classname="bmt.AppTest" time="0"/>
  <testcase name="power_0_and_any_namper_returns_1" classname="bmt.AppTest" time="0.001"/>
  <testcase name="power_2_and_numper_1_returns_1" classname="bmt.AppTest" time="0.001"/>
  <testcase name="power_1_and_numper_1_returns_1" classname="bmt.AppTest" time="0.001"/>
</testsuite>